<?xml version='1.0' encoding='UTF-8'?>
<testsuite hostname="macdeMacBook-Pro.local" name="simpletest.HelloTests" tests="2" errors="0" failures="0" skipped="0" time="0.015" timestamp="2021-12-16T15:28:31">
          <properties>
      <property name="socksProxyHost" value="127.0.0.1"/><property name="java.specification.version" value="16"/><property name="sun.jnu.encoding" value="UTF-8"/><property name="sun.arch.data.model" value="64"/><property name="java.vendor.url" value="https://java.oracle.com/"/><property name="sun.boot.library.path" value="/Library/Java/JavaVirtualMachines/jdk-16.0.1.jdk/Contents/Home/lib"/><property name="sun.java.command" value="/Users/mac/.sdkman/candidates/sbt/1.5.4/bin/sbt-launch.jar test"/><property name="jdk.debug" value="release"/><property name="java.specification.vendor" value="Oracle Corporation"/><property name="java.version.date" value="2021-04-20"/><property name="java.home" value="/Library/Java/JavaVirtualMachines/jdk-16.0.1.jdk/Contents/Home"/><property name="file.separator" value="/"/><property name="java.vm.compressedOopsMode" value="Zero based"/><property name="line.separator" value="
"/><property name="java.vm.specification.vendor" value="Oracle Corporation"/><property name="java.specification.name" value="Java Platform API Specification"/><property name="user.script" value="Hans"/><property name="sun.management.compiler" value="HotSpot 64-Bit Tiered Compilers"/><property name="java.runtime.version" value="16.0.1+9-24"/><property name="user.name" value="mac"/><property name="log4j.ignoreTCL" value="true"/><property name="file.encoding" value="UTF-8"/><property name="jnidispatch.path" value="/Users/mac/Library/Caches/JNA/temp/jna16716971375479395622.tmp"/><property name="jna.loaded" value="true"/><property name="java.io.tmpdir" value="/var/folders/qf/rmmj7txd2wg026b4k5_cmnqm0000gn/T/"/><property name="java.version" value="16.0.1"/><property name="socksProxyPort" value="4781"/><property name="java.vm.specification.name" value="Java Virtual Machine Specification"/><property name="java.library.path" value="/Users/mac/Library/Java/Extensions:/Library/Java/Extensions:/Network/Library/Java/Extensions:/System/Library/Java/Extensions:/usr/lib/java:."/><property name="java.vendor" value="Oracle Corporation"/><property name="scala.ext.dirs" value="/Users/mac/.sbt/1.0/java9-rt-ext-oracle_corporation_16_0_1"/><property name="sun.io.unicode.encoding" value="UnicodeBig"/><property name="socksNonProxyHosts" value="192.168.0.0/16|*.192.168.0.0/16|10.0.0.0/8|*.10.0.0.0/8|172.16.0.0/12|*.172.16.0.0/12|127.0.0.1|localhost|*.localhost|local|*.local"/><property name="http.proxyHost" value="127.0.0.1"/><property name="java.class.path" value="/Users/mac/.sdkman/candidates/sbt/1.5.4/bin/sbt-launch.jar"/><property name="https.proxyPort" value="4780"/><property name="java.vm.vendor" value="Oracle Corporation"/><property name="jline.shutdownhook" value="false"/><property name="user.timezone" value="Asia/Shanghai"/><property name="java.vm.specification.version" value="16"/><property name="os.name" value="Mac OS X"/><property name="sun.java.launcher" value="SUN_STANDARD"/><property name="user.country" value="CN"/><property name="http.nonProxyHosts" value="192.168.0.0/16|*.192.168.0.0/16|10.0.0.0/8|*.10.0.0.0/8|172.16.0.0/12|*.172.16.0.0/12|127.0.0.1|localhost|*.localhost|local|*.local"/><property name="sun.cpu.endian" value="little"/><property name="user.home" value="/Users/mac"/><property name="user.language" value="zh"/><property name="swoval.tmpdir" value="/Users/mac/.sbt/1.0"/><property name="https.proxyHost" value="127.0.0.1"/><property name="jline.esc.timeout" value="0"/><property name="ftp.nonProxyHosts" value="192.168.0.0/16|*.192.168.0.0/16|10.0.0.0/8|*.10.0.0.0/8|172.16.0.0/12|*.172.16.0.0/12|127.0.0.1|localhost|*.localhost|local|*.local"/><property name="path.separator" value=":"/><property name="os.version" value="11.5"/><property name="jna.nosys" value="true"/><property name="java.runtime.name" value="Java(TM) SE Runtime Environment"/><property name="java.vm.name" value="Java HotSpot(TM) 64-Bit Server VM"/><property name="jna.platform.library.path" value="/usr/lib:/usr/lib"/><property name="java.vendor.url.bug" value="https://bugreport.java.com/bugreport/"/><property name="user.dir" value="/Users/mac/Documents/GitHub/git-blog-demo/HelloScalaTest"/><property name="os.arch" value="x86_64"/><property name="java.vm.info" value="mixed mode, sharing"/><property name="java.vm.version" value="16.0.1+9-24"/><property name="java.class.version" value="60.0"/><property name="http.proxyPort" value="4780"/>
    </properties>
          <testcase classname="simpletest.HelloTests" name="the name is set correctly in constructor" time="0.014">
                      
                    </testcase><testcase classname="simpletest.HelloTests" name="a Person's name can be changed" time="0.001">
                      
                    </testcase>
          <system-out><![CDATA[]]></system-out>
          <system-err><![CDATA[]]></system-err>
        </testsuite>